{
  "stats": {
    "suites": 1,
    "tests": 1,
    "passes": 1,
    "pending": 0,
    "failures": 0,
    "start": "2026-03-18T15:49:31.827Z",
    "end": "2026-03-18T15:49:38.828Z",
    "duration": 7001,
    "testsRegistered": 1,
    "passPercent": 100,
    "pendingPercent": 0,
    "other": 0,
    "hasOther": false,
    "skipped": 0,
    "hasSkipped": false
  },
  "results": [
    {
      "uuid": "5a94fb32-9aeb-469c-8436-ce4acd010915",
      "title": "",
      "fullFile": "cypress\\e2e\\tests\\cartProduct.cy.js",
      "file": "cypress\\e2e\\tests\\cartProduct.cy.js",
      "beforeHooks": [],
      "afterHooks": [],
      "tests": [],
      "suites": [
        {
          "uuid": "d569ff27-3f00-4460-b067-d06d960fce7f",
          "title": "Add Product To Cart",
          "fullFile": "",
          "file": "",
          "beforeHooks": [],
          "afterHooks": [],
          "tests": [
            {
              "title": "goToHomePage",
              "fullTitle": "Add Product To Cart goToHomePage",
              "timedOut": null,
              "duration": 4742,
              "state": "passed",
              "speed": "fast",
              "pass": true,
              "fail": false,
              "pending": false,
              "context": null,
              "code": "addProduct.visitProductPolo();\naddProduct.BrandPolo();\naddProduct.addProductPolo();\nactionAddProduct.closePopup();",
              "err": {},
              "uuid": "0dd766c3-9ed7-48e8-b975-b00536a35ce2",
              "parentUUID": "d569ff27-3f00-4460-b067-d06d960fce7f",
              "isHook": false,
              "skipped": false
            }
          ],
          "suites": [],
          "passes": [
            "0dd766c3-9ed7-48e8-b975-b00536a35ce2"
          ],
          "failures": [],
          "pending": [],
          "skipped": [],
          "duration": 4742,
          "root": false,
          "rootEmpty": false,
          "_timeout": 2000
        }
      ],
      "passes": [],
      "failures": [],
      "pending": [],
      "skipped": [],
      "duration": 0,
      "root": true,
      "rootEmpty": true,
      "_timeout": 2000
    }
  ],
  "meta": {
    "mocha": {
      "version": "7.2.0"
    },
    "mochawesome": {
      "options": {
        "quiet": false,
        "reportFilename": "mochawesome",
        "saveHtml": true,
        "saveJson": true,
        "consoleReporter": "spec",
        "useInlineDiffs": false,
        "code": true
      },
      "version": "7.1.4"
    },
    "marge": {
      "options": {
        "reportDir": "cypress/reports",
        "overwrite": false,
        "html": true,
        "json": true,
        "timestamp": false
      },
      "version": "6.3.2"
    }
  }
}