{
  "stats": {
    "suites": 1,
    "tests": 1,
    "passes": 1,
    "pending": 0,
    "failures": 0,
    "start": "2026-03-23T15:40:14.033Z",
    "end": "2026-03-23T15:40:22.599Z",
    "duration": 8566,
    "testsRegistered": 1,
    "passPercent": 100,
    "pendingPercent": 0,
    "other": 0,
    "hasOther": false,
    "skipped": 0,
    "hasSkipped": false
  },
  "results": [
    {
      "uuid": "345bff3b-3ef3-40f1-902f-5476a07775ed",
      "title": "",
      "fullFile": "cypress\\e2e\\tests\\cartProduct.cy.js",
      "file": "cypress\\e2e\\tests\\cartProduct.cy.js",
      "beforeHooks": [],
      "afterHooks": [],
      "tests": [],
      "suites": [
        {
          "uuid": "a3584b92-8e9d-41e9-9dd2-319ed0d1052e",
          "title": "Add Product To Cart",
          "fullFile": "",
          "file": "",
          "beforeHooks": [],
          "afterHooks": [],
          "tests": [
            {
              "title": "goToHomePage",
              "fullTitle": "Add Product To Cart goToHomePage",
              "timedOut": null,
              "duration": 6257,
              "state": "passed",
              "speed": "medium",
              "pass": true,
              "fail": false,
              "pending": false,
              "context": null,
              "code": "addProduct.visitProductPolo();\naddProduct.BrandPolo();\naddProduct.addProductPolo();\nactionAddProduct.closePopup();",
              "err": {},
              "uuid": "1d318839-6836-4409-b989-dd17044a7840",
              "parentUUID": "a3584b92-8e9d-41e9-9dd2-319ed0d1052e",
              "isHook": false,
              "skipped": false
            }
          ],
          "suites": [],
          "passes": [
            "1d318839-6836-4409-b989-dd17044a7840"
          ],
          "failures": [],
          "pending": [],
          "skipped": [],
          "duration": 6257,
          "root": false,
          "rootEmpty": false,
          "_timeout": 2000
        }
      ],
      "passes": [],
      "failures": [],
      "pending": [],
      "skipped": [],
      "duration": 0,
      "root": true,
      "rootEmpty": true,
      "_timeout": 2000
    }
  ],
  "meta": {
    "mocha": {
      "version": "7.2.0"
    },
    "mochawesome": {
      "options": {
        "quiet": false,
        "reportFilename": "mochawesome",
        "saveHtml": true,
        "saveJson": true,
        "consoleReporter": "spec",
        "useInlineDiffs": false,
        "code": true
      },
      "version": "7.1.4"
    },
    "marge": {
      "options": {
        "reportDir": "cypress/reports",
        "overwrite": false,
        "html": true,
        "json": true,
        "timestamp": false
      },
      "version": "6.3.2"
    }
  }
}