{
  "stats": {
    "suites": 1,
    "tests": 1,
    "passes": 1,
    "pending": 0,
    "failures": 0,
    "start": "2026-03-23T15:40:57.334Z",
    "end": "2026-03-23T15:41:05.685Z",
    "duration": 8351,
    "testsRegistered": 1,
    "passPercent": 100,
    "pendingPercent": 0,
    "other": 0,
    "hasOther": false,
    "skipped": 0,
    "hasSkipped": false
  },
  "results": [
    {
      "uuid": "4320a107-d0e6-4925-8e81-dd1e47a2836e",
      "title": "",
      "fullFile": "cypress\\e2e\\tests\\signupLogin.cy.js",
      "file": "cypress\\e2e\\tests\\signupLogin.cy.js",
      "beforeHooks": [],
      "afterHooks": [],
      "tests": [],
      "suites": [
        {
          "uuid": "64f5995b-a7c8-4990-8e8c-7acb9f114f89",
          "title": "page Signup and Login",
          "fullFile": "",
          "file": "",
          "beforeHooks": [],
          "afterHooks": [],
          "tests": [
            {
              "title": "Signup",
              "fullTitle": "page Signup and Login Signup",
              "timedOut": null,
              "duration": 6166,
              "state": "passed",
              "speed": "medium",
              "pass": true,
              "fail": false,
              "pending": false,
              "context": null,
              "code": "signupLogin.signupLoginsPage();",
              "err": {},
              "uuid": "644cff9a-4afd-443e-b552-776bcb7ea3f0",
              "parentUUID": "64f5995b-a7c8-4990-8e8c-7acb9f114f89",
              "isHook": false,
              "skipped": false
            }
          ],
          "suites": [],
          "passes": [
            "644cff9a-4afd-443e-b552-776bcb7ea3f0"
          ],
          "failures": [],
          "pending": [],
          "skipped": [],
          "duration": 6166,
          "root": false,
          "rootEmpty": false,
          "_timeout": 2000
        }
      ],
      "passes": [],
      "failures": [],
      "pending": [],
      "skipped": [],
      "duration": 0,
      "root": true,
      "rootEmpty": true,
      "_timeout": 2000
    }
  ],
  "meta": {
    "mocha": {
      "version": "7.2.0"
    },
    "mochawesome": {
      "options": {
        "quiet": false,
        "reportFilename": "mochawesome",
        "saveHtml": true,
        "saveJson": true,
        "consoleReporter": "spec",
        "useInlineDiffs": false,
        "code": true
      },
      "version": "7.1.4"
    },
    "marge": {
      "options": {
        "reportDir": "cypress/reports",
        "overwrite": false,
        "html": true,
        "json": true,
        "timestamp": false
      },
      "version": "6.3.2"
    }
  }
}