{
  "stats": {
    "suites": 1,
    "tests": 1,
    "passes": 1,
    "pending": 0,
    "failures": 0,
    "start": "2026-03-23T15:40:25.529Z",
    "end": "2026-03-23T15:40:54.693Z",
    "duration": 29164,
    "testsRegistered": 1,
    "passPercent": 100,
    "pendingPercent": 0,
    "other": 0,
    "hasOther": false,
    "skipped": 0,
    "hasSkipped": false
  },
  "results": [
    {
      "uuid": "7e03ee04-d071-436a-8048-04ab284f5a47",
      "title": "",
      "fullFile": "cypress\\e2e\\tests\\login.cy.js",
      "file": "cypress\\e2e\\tests\\login.cy.js",
      "beforeHooks": [],
      "afterHooks": [],
      "tests": [],
      "suites": [
        {
          "uuid": "30384975-a6d9-40ee-89cb-5e6a5ee18df0",
          "title": "loginPage",
          "fullFile": "",
          "file": "",
          "beforeHooks": [],
          "afterHooks": [],
          "tests": [
            {
              "title": "login",
              "fullTitle": "loginPage login",
              "timedOut": null,
              "duration": 27648,
              "state": "passed",
              "speed": "slow",
              "pass": true,
              "fail": false,
              "pending": false,
              "context": null,
              "code": "auth.entrEmail();\nauth.enterPassword();\nauth.clickLogin();\nauth.verifyLoginSuccess();",
              "err": {},
              "uuid": "6d6e0050-8384-49c0-acf0-b76ca8b486bf",
              "parentUUID": "30384975-a6d9-40ee-89cb-5e6a5ee18df0",
              "isHook": false,
              "skipped": false
            }
          ],
          "suites": [],
          "passes": [
            "6d6e0050-8384-49c0-acf0-b76ca8b486bf"
          ],
          "failures": [],
          "pending": [],
          "skipped": [],
          "duration": 27648,
          "root": false,
          "rootEmpty": false,
          "_timeout": 2000
        }
      ],
      "passes": [],
      "failures": [],
      "pending": [],
      "skipped": [],
      "duration": 0,
      "root": true,
      "rootEmpty": true,
      "_timeout": 2000
    }
  ],
  "meta": {
    "mocha": {
      "version": "7.2.0"
    },
    "mochawesome": {
      "options": {
        "quiet": false,
        "reportFilename": "mochawesome",
        "saveHtml": true,
        "saveJson": true,
        "consoleReporter": "spec",
        "useInlineDiffs": false,
        "code": true
      },
      "version": "7.1.4"
    },
    "marge": {
      "options": {
        "reportDir": "cypress/reports",
        "overwrite": false,
        "html": true,
        "json": true,
        "timestamp": false
      },
      "version": "6.3.2"
    }
  }
}