{
  "stats": {
    "suites": 1,
    "tests": 1,
    "passes": 1,
    "pending": 0,
    "failures": 0,
    "start": "2026-03-18T15:50:00.461Z",
    "end": "2026-03-18T15:50:07.796Z",
    "duration": 7335,
    "testsRegistered": 1,
    "passPercent": 100,
    "pendingPercent": 0,
    "other": 0,
    "hasOther": false,
    "skipped": 0,
    "hasSkipped": false
  },
  "results": [
    {
      "uuid": "bc7e0cb2-6169-474a-89b7-97b9d5417003",
      "title": "",
      "fullFile": "cypress\\e2e\\tests\\valideCartProduct.cy.js",
      "file": "cypress\\e2e\\tests\\valideCartProduct.cy.js",
      "beforeHooks": [],
      "afterHooks": [],
      "tests": [],
      "suites": [
        {
          "uuid": "7ef4e203-391c-4989-85a0-a3cb30aff8bc",
          "title": "valide cart product",
          "fullFile": "",
          "file": "",
          "beforeHooks": [],
          "afterHooks": [],
          "tests": [
            {
              "title": "Signup",
              "fullTitle": "valide cart product Signup",
              "timedOut": null,
              "duration": 5598,
              "state": "passed",
              "speed": "medium",
              "pass": true,
              "fail": false,
              "pending": false,
              "context": null,
              "code": "signupLogin.signupLoginsPage();",
              "err": {},
              "uuid": "58a873da-49df-4c13-9283-6d11b1ee99f6",
              "parentUUID": "7ef4e203-391c-4989-85a0-a3cb30aff8bc",
              "isHook": false,
              "skipped": false
            }
          ],
          "suites": [],
          "passes": [
            "58a873da-49df-4c13-9283-6d11b1ee99f6"
          ],
          "failures": [],
          "pending": [],
          "skipped": [],
          "duration": 5598,
          "root": false,
          "rootEmpty": false,
          "_timeout": 2000
        }
      ],
      "passes": [],
      "failures": [],
      "pending": [],
      "skipped": [],
      "duration": 0,
      "root": true,
      "rootEmpty": true,
      "_timeout": 2000
    }
  ],
  "meta": {
    "mocha": {
      "version": "7.2.0"
    },
    "mochawesome": {
      "options": {
        "quiet": false,
        "reportFilename": "mochawesome",
        "saveHtml": true,
        "saveJson": true,
        "consoleReporter": "spec",
        "useInlineDiffs": false,
        "code": true
      },
      "version": "7.1.4"
    },
    "marge": {
      "options": {
        "reportDir": "cypress/reports",
        "overwrite": false,
        "html": true,
        "json": true,
        "timestamp": false
      },
      "version": "6.3.2"
    }
  }
}