{
  "stats": {
    "suites": 1,
    "tests": 2,
    "passes": 2,
    "pending": 0,
    "failures": 0,
    "start": "2026-03-23T15:41:08.346Z",
    "end": "2026-03-23T15:41:20.542Z",
    "duration": 12196,
    "testsRegistered": 2,
    "passPercent": 100,
    "pendingPercent": 0,
    "other": 0,
    "hasOther": false,
    "skipped": 0,
    "hasSkipped": false
  },
  "results": [
    {
      "uuid": "9924d6ba-38e6-4d1d-bffb-db8cef881746",
      "title": "",
      "fullFile": "cypress\\e2e\\tests\\valideCartProduct.cy.js",
      "file": "cypress\\e2e\\tests\\valideCartProduct.cy.js",
      "beforeHooks": [],
      "afterHooks": [],
      "tests": [],
      "suites": [
        {
          "uuid": "9e326d4e-64c1-4959-93cf-1c939eaecd32",
          "title": "valide cart product",
          "fullFile": "",
          "file": "",
          "beforeHooks": [],
          "afterHooks": [],
          "tests": [
            {
              "title": "verifie l'url existe",
              "fullTitle": "valide cart product verifie l'url existe",
              "timedOut": null,
              "duration": 1820,
              "state": "passed",
              "speed": "fast",
              "pass": true,
              "fail": false,
              "pending": false,
              "context": null,
              "code": "cy.url().should(\"contain\", \"automationexercise\");",
              "err": {},
              "uuid": "99af7a69-be95-4b86-8fdb-d80328437d5d",
              "parentUUID": "9e326d4e-64c1-4959-93cf-1c939eaecd32",
              "isHook": false,
              "skipped": false
            },
            {
              "title": "auth and Ajouter le produit to cart ",
              "fullTitle": "valide cart product auth and Ajouter le produit to cart ",
              "timedOut": null,
              "duration": 8820,
              "state": "passed",
              "speed": "medium",
              "pass": true,
              "fail": false,
              "pending": false,
              "context": null,
              "code": "auth.clickSignupLogin();\nlogin.entrEmail();\nlogin.enterPassword();\nlogin.clickLogin();\ninserPage.verifieVisibilityHomePage();\naddCartProdect.visitProductPolo();\naddCartProdect.BrandPolo();\naddCartProdect.addProductPolo();\nactionProduct.closePopup();",
              "err": {},
              "uuid": "bcfebb6d-dbbc-45bb-997a-e7eba644f44f",
              "parentUUID": "9e326d4e-64c1-4959-93cf-1c939eaecd32",
              "isHook": false,
              "skipped": false
            }
          ],
          "suites": [],
          "passes": [
            "99af7a69-be95-4b86-8fdb-d80328437d5d",
            "bcfebb6d-dbbc-45bb-997a-e7eba644f44f"
          ],
          "failures": [],
          "pending": [],
          "skipped": [],
          "duration": 10640,
          "root": false,
          "rootEmpty": false,
          "_timeout": 2000
        }
      ],
      "passes": [],
      "failures": [],
      "pending": [],
      "skipped": [],
      "duration": 0,
      "root": true,
      "rootEmpty": true,
      "_timeout": 2000
    }
  ],
  "meta": {
    "mocha": {
      "version": "7.2.0"
    },
    "mochawesome": {
      "options": {
        "quiet": false,
        "reportFilename": "mochawesome",
        "saveHtml": true,
        "saveJson": true,
        "consoleReporter": "spec",
        "useInlineDiffs": false,
        "code": true
      },
      "version": "7.1.4"
    },
    "marge": {
      "options": {
        "reportDir": "cypress/reports",
        "overwrite": false,
        "html": true,
        "json": true,
        "timestamp": false
      },
      "version": "6.3.2"
    }
  }
}