{
  "stats": {
    "suites": 1,
    "tests": 1,
    "passes": 1,
    "pending": 0,
    "failures": 0,
    "start": "2026-03-18T15:49:50.665Z",
    "end": "2026-03-18T15:49:57.504Z",
    "duration": 6839,
    "testsRegistered": 1,
    "passPercent": 100,
    "pendingPercent": 0,
    "other": 0,
    "hasOther": false,
    "skipped": 0,
    "hasSkipped": false
  },
  "results": [
    {
      "uuid": "ac3fc82d-9fff-4b12-9f9f-dc5b2dfe37a7",
      "title": "",
      "fullFile": "cypress\\e2e\\tests\\signupLogin.cy.js",
      "file": "cypress\\e2e\\tests\\signupLogin.cy.js",
      "beforeHooks": [],
      "afterHooks": [],
      "tests": [],
      "suites": [
        {
          "uuid": "90fe921f-8346-4ba3-bbb1-3fd4eef89ba2",
          "title": "page Signup and Login",
          "fullFile": "",
          "file": "",
          "beforeHooks": [],
          "afterHooks": [],
          "tests": [
            {
              "title": "Signup",
              "fullTitle": "page Signup and Login Signup",
              "timedOut": null,
              "duration": 5393,
              "state": "passed",
              "speed": "medium",
              "pass": true,
              "fail": false,
              "pending": false,
              "context": null,
              "code": "signupLogin.signupLoginsPage();",
              "err": {},
              "uuid": "d3c85e4d-7590-422c-a059-80792ca0c441",
              "parentUUID": "90fe921f-8346-4ba3-bbb1-3fd4eef89ba2",
              "isHook": false,
              "skipped": false
            }
          ],
          "suites": [],
          "passes": [
            "d3c85e4d-7590-422c-a059-80792ca0c441"
          ],
          "failures": [],
          "pending": [],
          "skipped": [],
          "duration": 5393,
          "root": false,
          "rootEmpty": false,
          "_timeout": 2000
        }
      ],
      "passes": [],
      "failures": [],
      "pending": [],
      "skipped": [],
      "duration": 0,
      "root": true,
      "rootEmpty": true,
      "_timeout": 2000
    }
  ],
  "meta": {
    "mocha": {
      "version": "7.2.0"
    },
    "mochawesome": {
      "options": {
        "quiet": false,
        "reportFilename": "mochawesome",
        "saveHtml": true,
        "saveJson": true,
        "consoleReporter": "spec",
        "useInlineDiffs": false,
        "code": true
      },
      "version": "7.1.4"
    },
    "marge": {
      "options": {
        "reportDir": "cypress/reports",
        "overwrite": false,
        "html": true,
        "json": true,
        "timestamp": false
      },
      "version": "6.3.2"
    }
  }
}